c:\users\shtru\source\repos\donkey-kong-3-2801\donkey-kong\x64\debug\vc143.pdb
c:\users\shtru\source\repos\donkey-kong-3-2801\donkey-kong\x64\debug\vc143.idb
c:\users\shtru\source\repos\donkey-kong-3-2801\donkey-kong\x64\debug\enemy.obj
c:\users\shtru\source\repos\donkey-kong-3-2801\donkey-kong\x64\debug\donkey-kong.ilk
c:\users\shtru\source\repos\donkey-kong-3-2801\donkey-kong\x64\debug\barrel.obj
c:\users\shtru\source\repos\donkey-kong-3-2801\donkey-kong\x64\debug\barrelmanager.obj
c:\users\shtru\source\repos\donkey-kong-3-2801\donkey-kong\x64\debug\board.obj
c:\users\shtru\source\repos\donkey-kong-3-2801\donkey-kong\x64\debug\enemiesmanager.obj
c:\users\shtru\source\repos\donkey-kong-3-2801\donkey-kong\x64\debug\game.obj
c:\users\shtru\source\repos\donkey-kong-3-2801\donkey-kong\x64\debug\gamefromfile.obj
c:\users\shtru\source\repos\donkey-kong-3-2801\donkey-kong\x64\debug\gamefromkeyboard.obj
c:\users\shtru\source\repos\donkey-kong-3-2801\donkey-kong\x64\debug\ghost.obj
c:\users\shtru\source\repos\donkey-kong-3-2801\donkey-kong\x64\debug\ghostmanager.obj
c:\users\shtru\source\repos\donkey-kong-3-2801\donkey-kong\x64\debug\hammer.obj
c:\users\shtru\source\repos\donkey-kong-3-2801\donkey-kong\x64\debug\main.obj
c:\users\shtru\source\repos\donkey-kong-3-2801\donkey-kong\x64\debug\manager.obj
c:\users\shtru\source\repos\donkey-kong-3-2801\donkey-kong\x64\debug\mario.obj
c:\users\shtru\source\repos\donkey-kong-3-2801\donkey-kong\x64\debug\menugraphics.obj
c:\users\shtru\source\repos\donkey-kong-3-2801\donkey-kong\x64\debug\point.obj
c:\users\shtru\source\repos\donkey-kong-3-2801\donkey-kong\x64\debug\results.obj
c:\users\shtru\source\repos\donkey-kong-3-2801\donkey-kong\x64\debug\spacialghost.obj
c:\users\shtru\source\repos\donkey-kong-3-2801\donkey-kong\x64\debug\steps.obj
c:\users\shtru\source\repos\donkey-kong-3-2801\donkey-kong\x64\debug\utils.obj
c:\users\shtru\source\repos\donkey-kong-3-2801\donkey-kong\x64\debug\barrel.obj.enc
c:\users\shtru\source\repos\donkey-kong-3-2801\x64\debug\donkey-kong.pdb
c:\users\shtru\source\repos\donkey-kong-3-2801\donkey-kong\x64\debug\donkey-kong.tlog\cl.command.1.tlog
c:\users\shtru\source\repos\donkey-kong-3-2801\donkey-kong\x64\debug\donkey-kong.tlog\cl.items.tlog
c:\users\shtru\source\repos\donkey-kong-3-2801\donkey-kong\x64\debug\donkey-kong.tlog\cl.read.1.tlog
c:\users\shtru\source\repos\donkey-kong-3-2801\donkey-kong\x64\debug\donkey-kong.tlog\cl.write.1.tlog
c:\users\shtru\source\repos\donkey-kong-3-2801\donkey-kong\x64\debug\donkey-kong.tlog\link-cvtres.read.1.tlog
c:\users\shtru\source\repos\donkey-kong-3-2801\donkey-kong\x64\debug\donkey-kong.tlog\link-cvtres.write.1.tlog
c:\users\shtru\source\repos\donkey-kong-3-2801\donkey-kong\x64\debug\donkey-kong.tlog\link-rc.read.1.tlog
c:\users\shtru\source\repos\donkey-kong-3-2801\donkey-kong\x64\debug\donkey-kong.tlog\link-rc.write.1.tlog
c:\users\shtru\source\repos\donkey-kong-3-2801\donkey-kong\x64\debug\donkey-kong.tlog\link.9072-cvtres.read.1.tlog
c:\users\shtru\source\repos\donkey-kong-3-2801\donkey-kong\x64\debug\donkey-kong.tlog\link.9072-cvtres.write.1.tlog
c:\users\shtru\source\repos\donkey-kong-3-2801\donkey-kong\x64\debug\donkey-kong.tlog\link.9072-rc.read.1.tlog
c:\users\shtru\source\repos\donkey-kong-3-2801\donkey-kong\x64\debug\donkey-kong.tlog\link.9072-rc.write.1.tlog
c:\users\shtru\source\repos\donkey-kong-3-2801\donkey-kong\x64\debug\donkey-kong.tlog\link.9072.read.1.tlog
c:\users\shtru\source\repos\donkey-kong-3-2801\donkey-kong\x64\debug\donkey-kong.tlog\link.9072.read.3.tlog
c:\users\shtru\source\repos\donkey-kong-3-2801\donkey-kong\x64\debug\donkey-kong.tlog\link.9072.write.1.tlog
c:\users\shtru\source\repos\donkey-kong-3-2801\donkey-kong\x64\debug\donkey-kong.tlog\link.command.1.tlog
c:\users\shtru\source\repos\donkey-kong-3-2801\donkey-kong\x64\debug\donkey-kong.tlog\link.read.1.tlog
c:\users\shtru\source\repos\donkey-kong-3-2801\donkey-kong\x64\debug\donkey-kong.tlog\link.read.2.tlog
c:\users\shtru\source\repos\donkey-kong-3-2801\donkey-kong\x64\debug\donkey-kong.tlog\link.read.3.tlog
c:\users\shtru\source\repos\donkey-kong-3-2801\donkey-kong\x64\debug\donkey-kong.tlog\link.secondary.1.tlog
c:\users\shtru\source\repos\donkey-kong-3-2801\donkey-kong\x64\debug\donkey-kong.tlog\link.write.1.tlog
