  Barrel.cpp
  BarrelManager.cpp
  EnemiesManager.cpp
  Enemy.cpp
C:\Users\shtru\source\repos\donkey-kong3-2801\donkey-kong\Enemy.cpp(67,16): warning C4267: 'initializing': conversion from 'size_t' to 'int', possible loss of data
C:\Users\shtru\source\repos\donkey-kong3-2801\donkey-kong\Enemy.cpp(68,16): warning C4267: 'initializing': conversion from 'size_t' to 'int', possible loss of data
  Game.cpp
  GameFromFile.cpp
  GameFromKeyboard.cpp
  Ghost.cpp
  GhostManager.cpp
C:\Users\shtru\source\repos\donkey-kong3-2801\donkey-kong\GhostManager.cpp(13,30): warning C4267: 'argument': conversion from 'size_t' to 'int', possible loss of data
C:\Users\shtru\source\repos\donkey-kong3-2801\donkey-kong\GhostManager.cpp(14,30): warning C4267: 'argument': conversion from 'size_t' to 'int', possible loss of data
C:\Users\shtru\source\repos\donkey-kong3-2801\donkey-kong\GhostManager.cpp(64,60): warning C4267: '=': conversion from 'size_t' to 'int', possible loss of data
  main.cpp
  Manager.cpp
  SpacialGhost.cpp
  Generating Code...
C:\Users\shtru\source\repos\donkey-kong3-2801\donkey-kong\GameFromFile.cpp(44,1): warning C4715: 'GameFromFile::showAndLoadBoards': not all control paths return a value
  donkey-kong.vcxproj -> C:\Users\shtru\Source\Repos\donkey-kong3-2801\x64\Debug\donkey-kong.exe
